2025-03-31T23:11:56.100-03:00  INFO 19784 --- [mova] [main] com.movauy.mova.MovaApplication          : Starting MovaApplication using Java 21.0.6 with PID 19784 (C:\Users\facue\Desktop\MOVA\backend\Mova\target\classes started by facue in C:\Users\facue\Desktop\MOVA\backend\Mova)
2025-03-31T23:11:56.111-03:00  INFO 19784 --- [mova] [main] com.movauy.mova.MovaApplication          : No active profile set, falling back to 1 default profile: "default"
2025-03-31T23:11:56.626-03:00  INFO 19784 --- [mova] [main] .s.d.r.c.RepositoryConfigurationDelegate : Bootstrapping Spring Data JPA repositories in DEFAULT mode.
2025-03-31T23:11:56.688-03:00  INFO 19784 --- [mova] [main] .s.d.r.c.RepositoryConfigurationDelegate : Finished Spring Data repository scanning in 57 ms. Found 5 JPA repository interfaces.
2025-03-31T23:11:57.152-03:00  INFO 19784 --- [mova] [main] o.s.b.w.embedded.tomcat.TomcatWebServer  : Tomcat initialized with port 8080 (http)
2025-03-31T23:11:57.160-03:00  INFO 19784 --- [mova] [main] o.apache.catalina.core.StandardService   : Starting service [Tomcat]
2025-03-31T23:11:57.160-03:00  INFO 19784 --- [mova] [main] o.apache.catalina.core.StandardEngine    : Starting Servlet engine: [Apache Tomcat/10.1.18]
2025-03-31T23:11:57.220-03:00  INFO 19784 --- [mova] [main] o.a.c.c.C.[Tomcat].[localhost].[/]       : Initializing Spring embedded WebApplicationContext
2025-03-31T23:11:57.221-03:00  INFO 19784 --- [mova] [main] w.s.c.ServletWebServerApplicationContext : Root WebApplicationContext: initialization completed in 1082 ms
2025-03-31T23:11:57.327-03:00  INFO 19784 --- [mova] [main] o.hibernate.jpa.internal.util.LogHelper  : HHH000204: Processing PersistenceUnitInfo [name: default]
2025-03-31T23:11:57.394-03:00  INFO 19784 --- [mova] [main] org.hibernate.Version                    : HHH000412: Hibernate ORM core version 6.4.1.Final
2025-03-31T23:11:57.426-03:00  INFO 19784 --- [mova] [main] o.h.c.internal.RegionFactoryInitiator    : HHH000026: Second-level cache disabled
2025-03-31T23:11:57.635-03:00  INFO 19784 --- [mova] [main] o.s.o.j.p.SpringPersistenceUnitInfo      : No LoadTimeWeaver setup: ignoring JPA class transformer
2025-03-31T23:11:57.657-03:00  INFO 19784 --- [mova] [main] com.zaxxer.hikari.HikariDataSource       : HikariPool-1 - Starting...
2025-03-31T23:11:57.790-03:00  INFO 19784 --- [mova] [main] com.zaxxer.hikari.pool.HikariPool        : HikariPool-1 - Added connection com.mysql.cj.jdbc.ConnectionImpl@6658f08a
2025-03-31T23:11:57.791-03:00  INFO 19784 --- [mova] [main] com.zaxxer.hikari.HikariDataSource       : HikariPool-1 - Start completed.
2025-03-31T23:11:57.829-03:00  WARN 19784 --- [mova] [main] org.hibernate.dialect.Dialect            : HHH000511: The 5.5.0 version for [org.hibernate.dialect.MySQLDialect] is no longer supported, hence certain features may not work properly. The minimum supported version is 8.0.0. Check the community dialects project for available legacy versions.
2025-03-31T23:11:57.832-03:00  WARN 19784 --- [mova] [main] org.hibernate.orm.deprecation            : HHH90000025: MySQLDialect does not need to be specified explicitly using 'hibernate.dialect' (remove the property setting and it will be selected by default)
2025-03-31T23:11:58.654-03:00  INFO 19784 --- [mova] [main] o.h.e.t.j.p.i.JtaPlatformInitiator       : HHH000489: No JTA platform available (set 'hibernate.transaction.jta.platform' to enable JTA platform integration)
2025-03-31T23:11:58.949-03:00  INFO 19784 --- [mova] [main] j.LocalContainerEntityManagerFactoryBean : Initialized JPA EntityManagerFactory for persistence unit 'default'
2025-03-31T23:11:59.298-03:00  INFO 19784 --- [mova] [main] o.s.d.j.r.query.QueryEnhancerFactory     : Hibernate is in classpath; If applicable, HQL parser will be used.
2025-03-31T23:11:59.833-03:00  WARN 19784 --- [mova] [main] JpaBaseConfiguration$JpaWebConfiguration : spring.jpa.open-in-view is enabled by default. Therefore, database queries may be performed during view rendering. Explicitly configure spring.jpa.open-in-view to disable this warning
2025-03-31T23:12:00.018-03:00  INFO 19784 --- [mova] [main] o.s.s.web.DefaultSecurityFilterChain     : Will secure any request with [org.springframework.security.web.session.DisableEncodeUrlFilter@1c298769, org.springframework.security.web.context.request.async.WebAsyncManagerIntegrationFilter@4cb1af3f, org.springframework.security.web.context.SecurityContextHolderFilter@743a9292, org.springframework.security.web.header.HeaderWriterFilter@f57ced1, org.springframework.web.filter.CorsFilter@56034552, org.springframework.security.web.authentication.logout.LogoutFilter@5c4c4e96, com.movauy.mova.Jwt.JwtAuthenticationFilter@5dc7881d, org.springframework.security.web.savedrequest.RequestCacheAwareFilter@4691e2f5, org.springframework.security.web.servletapi.SecurityContextHolderAwareRequestFilter@47cf41d7, org.springframework.security.web.authentication.AnonymousAuthenticationFilter@32bff23d, org.springframework.security.web.session.SessionManagementFilter@6e1ef044, org.springframework.security.web.access.ExceptionTranslationFilter@60b721c9, org.springframework.security.web.access.intercept.AuthorizationFilter@14f1db20]
2025-03-31T23:12:00.239-03:00  INFO 19784 --- [mova] [main] o.s.b.w.embedded.tomcat.TomcatWebServer  : Tomcat started on port 8080 (http) with context path ''
2025-03-31T23:12:00.240-03:00  INFO 19784 --- [mova] [main] o.s.m.s.b.SimpleBrokerMessageHandler     : Starting...
2025-03-31T23:12:00.241-03:00  INFO 19784 --- [mova] [main] o.s.m.s.b.SimpleBrokerMessageHandler     : BrokerAvailabilityEvent[available=true, SimpleBrokerMessageHandler [org.springframework.messaging.simp.broker.DefaultSubscriptionRegistry@435d74ba]]
2025-03-31T23:12:00.241-03:00  INFO 19784 --- [mova] [main] o.s.m.s.b.SimpleBrokerMessageHandler     : Started.
2025-03-31T23:12:00.246-03:00  INFO 19784 --- [mova] [main] com.movauy.mova.MovaApplication          : Started MovaApplication in 4.436 seconds (process running for 4.725)
2025-03-31T23:12:04.497-03:00  INFO 19784 --- [mova] [http-nio-0.0.0.0-8080-exec-1] o.a.c.c.C.[Tomcat].[localhost].[/]       : Initializing Spring DispatcherServlet 'dispatcherServlet'
2025-03-31T23:12:04.497-03:00  INFO 19784 --- [mova] [http-nio-0.0.0.0-8080-exec-1] o.s.web.servlet.DispatcherServlet        : Initializing Servlet 'dispatcherServlet'
2025-03-31T23:12:04.498-03:00  INFO 19784 --- [mova] [http-nio-0.0.0.0-8080-exec-1] o.s.web.servlet.DispatcherServlet        : Completed initialization in 1 ms
2025-03-31T23:12:04.512-03:00 DEBUG 19784 --- [mova] [http-nio-0.0.0.0-8080-exec-1] o.s.security.web.FilterChainProxy        : Securing POST /api/mercadopago/create-preference/1
2025-03-31T23:12:04.520-03:00 DEBUG 19784 --- [mova] [http-nio-0.0.0.0-8080-exec-1] o.s.s.w.a.AnonymousAuthenticationFilter  : Set SecurityContextHolder to anonymous SecurityContext
2025-03-31T23:12:04.521-03:00 DEBUG 19784 --- [mova] [http-nio-0.0.0.0-8080-exec-1] o.s.security.web.FilterChainProxy        : Secured POST /api/mercadopago/create-preference/1
2025-03-31T23:12:06.037-03:00  WARN 19784 --- [mova] [Thread-1] o.a.h.c.protocol.ResponseProcessCookies  : Invalid cookie header: "Set-Cookie: _d2id=0ae15e89-8e90-49df-becf-106416a74dd5-n; SameSite=None; Secure; Path=/; Domain=.mercadopago.com; Expires=Wed, 01 Apr 2026 02:12:05 GMT". Invalid 'expires' attribute: Wed, 01 Apr 2026 02:12:05 GMT
2025-03-31T23:13:00.230-03:00  INFO 19784 --- [mova] [MessageBroker-1] o.s.w.s.c.WebSocketMessageBrokerStats    : WebSocketSession[0 current WS(0)-HttpStream(0)-HttpPoll(0), 0 total, 0 closed abnormally (0 connect failure, 0 send limit, 0 transport error)], stompSubProtocol[processed CONNECT(0)-CONNECTED(0)-DISCONNECT(0)], stompBrokerRelay[null], inboundChannel[pool size = 0, active threads = 0, queued tasks = 0, completed tasks = 0], outboundChannel[pool size = 0, active threads = 0, queued tasks = 0, completed tasks = 0], sockJsScheduler[pool size = 1, active threads = 1, queued tasks = 0, completed tasks = 0]
